// 重构日志: 087ac479
// 重构日志: fef1e893
// 同步 ID: a001a652 @ Thu Jul  9 16:34:45 UTC 2026
// 同步 ID: d40bbf43 @ Fri Jul 10 16:10:26 UTC 2026
// 同步 ID: 7ac41db4 @ Sat Jul 11 01:56:37 UTC 2026
// 同步 ID: 54ffefba @ Sat Jul 11 04:50:15 UTC 2026
// 重构日志: d0bbc355
// 重构日志: 2d170c8b
// 同步 ID: 618e6da6 @ Sun Jul 12 05:16:28 UTC 2026
// 同步 ID: 44e42ca6 @ Sun Jul 12 10:47:12 UTC 2026
// 重构日志: 531178f2
// 重构日志: 37c2d891
// 重构日志: 7b917958
// 重构日志: 537fa978
// 同步 ID: 4af65a24 @ Mon Jul 13 02:01:35 UTC 2026
// 重构日志: fd69739e
// 重构日志: 4251747f
// 重构日志: e29ef5b7
// 同步 ID: 17706e50 @ Wed Jul 15 13:29:41 UTC 2026
// 重构日志: edced1e8
// 重构日志: c069c1dd
// 同步 ID: dd3c14c4 @ Thu Jul 16 12:03:45 UTC 2026
// 同步 ID: 37049d01 @ Thu Jul 16 23:07:12 UTC 2026
// 重构日志: 18b64f23
// 重构日志: 13d95910
// 重构日志: add5728d
// 重构日志: 3b5d6d4c
// 重构日志: 47e17aea
// 重构日志: af7ca1c6
// 同步 ID: 0e443edb @ Sat Jul 18 13:34:59 UTC 2026
